Branch master set up to track remote branch master from origin.
Reinitialized existing Git repository in D:/fromHttpContents/contents_w/wgm/wkym_opendata/Regional-forest-planning-target-private-forest-area_/JSON/.git/
[master 0019d06] 'Wakayama GIS OpenData'
 1 file changed, 2 insertions(+)
Branch master set up to track remote branch master from origin.
githubのユーザネーム設定
githubのメールアドレス設定
コミット元設定する
コミット元初期化
Reinitialized existing Git repository in D:/fromHttpContents/contents_w/wgm/wkym_opendata/Regional-forest-planning-target-private-forest-area_/JSON/.git/
gitにaddする
gitにコミット
[master 554af2c] 'Wakayama GIS OpenData'
 1 file changed, 6 insertions(+)
プッシュ先を設定
ブランチのpull処理
ブランチのpush処理
Branch master set up to track remote branch master from origin.
githubのユーザネーム設定
githubのメールアドレス設定
コミット元設定する
コミット元初期化
Reinitialized existing Git repository in D:/fromHttpContents/contents_w/wgm/wkym_opendata/Regional-forest-planning-target-private-forest-area_/JSON/.git/
gitにaddする
